15:57:29 **** Build of configuration Debug for project app ****
make all 
'Building file: ../src/platform.c'
'Invoking: MicroBlaze gcc compiler'
mb-gcc -Wall -O0 -g3 -c -fmessage-length=0 -MT"src/platform.o" -IC:/Users/Cameron/Documents/ECE544/AutoWateringFinalProject/Vitis_CameronBranch/platform/export/platform/sw/platform/freertos10_xilinx_domain/bspinclude/include -mlittle-endian -mcpu=v11.0 -mxl-soft-mul -Wl,--no-relax -ffunction-sections -fdata-sections -MMD -MP -MF"src/platform.d" -MT"src/platform.o" -o "src/platform.o" "../src/platform.c"
'Finished building: ../src/platform.c'
' '
'Building file: ../src/watering.c'
'Invoking: MicroBlaze gcc compiler'
mb-gcc -Wall -O0 -g3 -c -fmessage-length=0 -MT"src/watering.o" -IC:/Users/Cameron/Documents/ECE544/AutoWateringFinalProject/Vitis_CameronBranch/platform/export/platform/sw/platform/freertos10_xilinx_domain/bspinclude/include -mlittle-endian -mcpu=v11.0 -mxl-soft-mul -Wl,--no-relax -ffunction-sections -fdata-sections -MMD -MP -MF"src/watering.d" -MT"src/watering.o" -o "src/watering.o" "../src/watering.c"
'Finished building: ../src/watering.c'
' '
'Building target: app.elf'
'Invoking: MicroBlaze gcc linker'
mb-gcc -Wl,-T -Wl,../src/lscript.ld -LC:/Users/Cameron/Documents/ECE544/AutoWateringFinalProject/Vitis_CameronBranch/platform/export/platform/sw/platform/freertos10_xilinx_domain/bsplib/lib -mlittle-endian -mcpu=v11.0 -mxl-soft-mul -Wl,--no-relax -Wl,--gc-sections -o "app.elf"  ./src/platform.o ./src/watering.o   -Wl,--start-group,-lxil,-lfreertos,-lgcc,-lc,--end-group
'Finished building target: app.elf'
' '
'Invoking: MicroBlaze Print Size'
mb-size app.elf  |tee "app.elf.size"
   text	   data	    bss	    dec	    hex	filename
  41512	    492	  14188	  56192	   db80	app.elf
'Finished building: app.elf.size'
' '

15:57:30 Build Finished (took 1s.218ms)

